SF:lib/data/datasources/local/database_helper.dart
DA:8,0
DA:9,0
DA:13,0
DA:14,0
DA:18,0
DA:19,0
DA:20,0
DA:23,0
DA:24,0
DA:28,0
DA:29,0
DA:42,0
DA:49,0
DA:59,0
DA:60,0
DA:61,0
DA:64,0
LF:17
LH:0
end_of_record
SF:lib/data/models/task_model.dart
DA:4,1
DA:13,1
DA:24,1
DA:25,1
DA:26,1
DA:27,1
DA:28,1
DA:29,1
DA:30,1
DA:31,1
DA:32,1
DA:33,1
DA:37,1
DA:38,1
DA:39,1
DA:40,1
DA:41,1
DA:42,2
DA:43,2
DA:44,2
DA:45,1
DA:46,2
DA:50,1
DA:51,1
DA:52,1
DA:53,1
DA:54,1
DA:55,2
DA:56,1
DA:57,2
DA:59,1
DA:60,4
DA:61,0
DA:63,2
DA:64,3
DA:68,1
DA:77,1
DA:78,1
DA:79,0
DA:80,1
DA:81,1
DA:82,1
DA:83,0
DA:84,1
DA:85,1
LF:45
LH:42
end_of_record
SF:lib/data/repositories/task_repository_impl.dart
DA:10,1
DA:12,1
DA:14,2
DA:15,1
DA:17,3
DA:18,2
DA:22,1
DA:24,2
DA:25,1
DA:28,1
DA:31,1
DA:32,2
DA:35,1
DA:37,2
DA:38,1
DA:39,1
DA:41,1
DA:46,1
DA:48,2
DA:49,1
DA:50,1
DA:52,1
DA:54,2
DA:58,1
DA:60,2
DA:61,1
DA:64,1
DA:68,1
DA:70,2
DA:71,1
DA:74,2
DA:77,3
DA:78,2
DA:82,1
DA:84,2
DA:85,1
DA:88,2
DA:91,3
DA:92,2
DA:96,0
DA:99,0
LF:41
LH:39
end_of_record
SF:lib/domain/entities/task.dart
DA:14,3
DA:25,1
DA:33,1
DA:34,1
DA:35,1
DA:36,1
DA:37,1
DA:38,1
DA:39,1
DA:40,0
DA:41,1
LF:11
LH:10
end_of_record
SF:lib/presentation/viewmodels/task_form_viewmodel.dart
DA:14,1
DA:16,2
DA:17,2
DA:18,2
DA:19,2
DA:20,3
DA:25,2
DA:26,2
DA:27,2
DA:28,2
DA:29,3
DA:30,2
DA:31,2
DA:33,1
DA:34,2
DA:35,1
DA:36,1
DA:39,1
DA:40,2
DA:41,1
DA:44,1
DA:45,1
DA:46,1
DA:49,1
DA:50,1
DA:51,1
DA:54,1
DA:55,1
DA:56,3
DA:57,2
DA:58,1
DA:62,1
DA:63,2
DA:64,1
DA:67,1
DA:68,2
DA:69,0
DA:71,1
DA:75,1
DA:76,2
DA:77,1
DA:78,1
DA:82,1
DA:83,2
DA:84,1
DA:85,2
DA:86,2
DA:87,1
DA:88,1
DA:89,1
DA:90,1
LF:51
LH:50
end_of_record
SF:lib/presentation/viewmodels/task_viewmodel.dart
DA:18,2
DA:19,2
DA:20,2
DA:22,1
DA:23,1
DA:24,1
DA:25,1
DA:28,3
DA:30,2
DA:32,1
DA:33,1
DA:37,1
DA:39,2
DA:40,3
DA:41,1
DA:43,0
DA:44,0
DA:48,1
DA:50,2
DA:51,3
DA:52,1
DA:53,0
DA:55,1
DA:57,0
DA:58,0
DA:62,1
DA:64,5
DA:65,2
DA:66,3
DA:67,1
DA:69,0
DA:70,0
DA:74,0
DA:75,0
DA:76,0
DA:77,0
DA:79,1
DA:80,1
DA:82,1
DA:83,4
DA:86,1
DA:87,0
DA:90,1
DA:91,0
DA:94,1
DA:95,1
DA:96,1
DA:98,0
DA:99,0
DA:101,0
DA:102,0
DA:103,0
DA:104,0
DA:105,0
DA:113,0
DA:114,0
DA:115,0
DA:118,0
DA:119,0
DA:120,0
DA:123,0
DA:124,0
DA:125,0
DA:128,1
DA:129,2
DA:130,1
LF:66
LH:37
end_of_record
SF:lib/core/services/notification_service.dart
DA:10,0
DA:25,0
DA:27,0
DA:30,0
DA:31,0
DA:33,0
DA:34,0
DA:37,0
DA:38,0
DA:40,0
DA:41,0
DA:43,0
DA:44,0
DA:67,0
DA:68,0
LF:15
LH:0
end_of_record
SF:lib/core/di/service_locator.dart
DA:11,3
DA:13,0
DA:15,0
DA:16,0
DA:19,0
DA:22,0
DA:23,0
DA:25,0
DA:26,0
DA:28,0
DA:29,0
DA:31,0
DA:34,0
DA:35,0
DA:39,0
LF:15
LH:1
end_of_record
SF:lib/core/services/preferences_service.dart
DA:12,0
DA:14,0
DA:15,0
DA:16,0
DA:17,0
DA:18,0
DA:19,0
DA:21,0
DA:25,0
DA:26,0
DA:28,0
DA:29,0
DA:32,0
DA:34,0
DA:38,0
DA:39,0
DA:40,0
DA:41,0
DA:42,0
DA:46,0
DA:47,0
DA:50,0
DA:51,0
DA:52,0
DA:53,0
DA:54,0
DA:55,0
DA:56,0
DA:60,0
DA:61,0
DA:62,0
DA:63,0
DA:64,0
DA:65,0
LF:34
LH:0
end_of_record
SF:lib/core/services/export_service.dart
DA:7,0
DA:8,0
DA:10,0
DA:21,0
DA:22,0
DA:23,0
DA:24,0
DA:25,0
DA:26,0
DA:27,0
DA:28,0
DA:29,0
DA:33,0
DA:34,0
DA:35,0
DA:37,0
DA:38,0
LF:17
LH:0
end_of_record
SF:lib/core/themes/theme_service.dart
DA:8,0
DA:10,0
DA:11,0
DA:15,0
DA:16,0
DA:17,0
DA:18,0
LF:7
LH:0
end_of_record
